# JRE version: OpenJDK Runtime Environment (11.0.8+10) (build 11.0.8+10-b944.6842174)
# Java VM: OpenJDK 64-Bit Server VM (11.0.8+10-b944.6842174, mixed mode, tiered, compressed oops, g1 gc, windows-amd64)
Heap:
 garbage-first heap   total 432128K, used 218112K [0x0000000080000000, 0x0000000100000000)
  region size 1024K, 3 young (3072K), 3 survivors (3072K)
 Metaspace       used 132675K, capacity 136685K, committed 136832K, reserved 1169408K
  class space    used 16326K, capacity 17678K, committed 17792K, reserved 1048576K
GC Heap History (20 events):
Event: 1633.911 GC heap after
{Heap after GC invocations=114 (full 0):
 garbage-first heap   total 227328K, used 122352K [0x0000000080000000, 0x0000000100000000)
  region size 1024K, 2 young (2048K), 2 survivors (2048K)
 Metaspace       used 131272K, capacity 135216K, committed 135680K, reserved 1167360K
  class space    used 16222K, capacity 17516K, committed 17664K, reserved 1048576K
}
Event: 1634.526 GC heap before
{Heap before GC invocations=115 (full 0):
 garbage-first heap   total 227328K, used 158192K [0x0000000080000000, 0x0000000100000000)
  region size 1024K, 38 young (38912K), 2 survivors (2048K)
 Metaspace       used 131801K, capacity 135802K, committed 135936K, reserved 1167360K
  class space    used 16257K, capacity 17563K, committed 17664K, reserved 1048576K
}
Event: 1634.529 GC heap after
{Heap after GC invocations=116 (full 0):
 garbage-first heap   total 227328K, used 121433K [0x0000000080000000, 0x0000000100000000)
  region size 1024K, 1 young (1024K), 1 survivors (1024K)
 Metaspace       used 131801K, capacity 135802K, committed 135936K, reserved 1167360K
  class space    used 16257K, capacity 17563K, committed 17664K, reserved 1048576K
}
Event: 1635.061 GC heap before
{Heap before GC invocations=117 (full 0):
 garbage-first heap   total 227328K, used 136793K [0x0000000080000000, 0x0000000100000000)
  region size 1024K, 15 young (15360K), 1 survivors (1024K)
 Metaspace       used 131832K, capacity 135808K, committed 135936K, reserved 1167360K
  class space    used 16258K, capacity 17564K, committed 17664K, reserved 1048576K
}
Event: 1635.068 GC heap after
{Heap after GC invocations=118 (full 0):
 garbage-first heap   total 227328K, used 127423K [0x0000000080000000, 0x0000000100000000)
  region size 1024K, 4 young (4096K), 4 survivors (4096K)
 Metaspace       used 131832K, capacity 135808K, committed 135936K, reserved 1167360K
  class space    used 16258K, capacity 17564K, committed 17664K, reserved 1048576K
}
Event: 1635.472 GC heap before
{Heap before GC invocations=119 (full 0):
 garbage-first heap   total 227328K, used 191935K [0x0000000080000000, 0x0000000100000000)
  region size 1024K, 47 young (48128K), 4 survivors (4096K)
 Metaspace       used 132321K, capacity 136318K, committed 136448K, reserved 1167360K
  class space    used 16318K, capacity 17647K, committed 17664K, reserved 1048576K
}
Event: 1635.488 GC heap after
{Heap after GC invocations=120 (full 0):
 garbage-first heap   total 227328K, used 155436K [0x0000000080000000, 0x0000000100000000)
  region size 1024K, 6 young (6144K), 6 survivors (6144K)
 Metaspace       used 132321K, capacity 136318K, committed 136448K, reserved 1167360K
  class space    used 16318K, capacity 17647K, committed 17664K, reserved 1048576K
}
Event: 1635.508 GC heap before
{Heap before GC invocations=120 (full 0):
 garbage-first heap   total 227328K, used 160556K [0x0000000080000000, 0x0000000100000000)
  region size 1024K, 11 young (11264K), 6 survivors (6144K)
 Metaspace       used 132321K, capacity 136318K, committed 136448K, reserved 1167360K
  class space    used 16318K, capacity 17647K, committed 17664K, reserved 1048576K
}
Event: 1635.516 GC heap after
{Heap after GC invocations=121 (full 0):
 garbage-first heap   total 227328K, used 157696K [0x0000000080000000, 0x0000000100000000)
  region size 1024K, 2 young (2048K), 2 survivors (2048K)
 Metaspace       used 132321K, capacity 136318K, committed 136448K, reserved 1167360K
  class space    used 16318K, capacity 17647K, committed 17664K, reserved 1048576K
}
Event: 1635.533 GC heap before
{Heap before GC invocations=121 (full 0):
 garbage-first heap   total 227328K, used 162816K [0x0000000080000000, 0x0000000100000000)
  region size 1024K, 8 young (8192K), 2 survivors (2048K)
 Metaspace       used 132321K, capacity 136318K, committed 136448K, reserved 1167360K
  class space    used 16318K, capacity 17647K, committed 17664K, reserved 1048576K
}
Event: 1635.541 GC heap after
{Heap after GC invocations=122 (full 0):
 garbage-first heap   total 227328K, used 159501K [0x0000000080000000, 0x0000000100000000)
  region size 1024K, 4 young (4096K), 4 survivors (4096K)
 Metaspace       used 132321K, capacity 136318K, committed 136448K, reserved 1167360K
  class space    used 16318K, capacity 17647K, committed 17664K, reserved 1048576K
}
Event: 1635.769 GC heap before
{Heap before GC invocations=122 (full 0):
 garbage-first heap   total 227328K, used 182029K [0x0000000080000000, 0x0000000100000000)
  region size 1024K, 25 young (25600K), 4 survivors (4096K)
 Metaspace       used 132488K, capacity 136548K, committed 136832K, reserved 1169408K
  class space    used 16324K, capacity 17678K, committed 17792K, reserved 1048576K
}
Event: 1635.787 GC heap after
{Heap after GC invocations=123 (full 0):
 garbage-first heap   total 273408K, used 171008K [0x0000000080000000, 0x0000000100000000)
  region size 1024K, 4 young (4096K), 4 survivors (4096K)
 Metaspace       used 132488K, capacity 136548K, committed 136832K, reserved 1169408K
  class space    used 16324K, capacity 17678K, committed 17792K, reserved 1048576K
}
Event: 1635.968 GC heap before
{Heap before GC invocations=124 (full 0):
 garbage-first heap   total 273408K, used 203776K [0x0000000080000000, 0x0000000100000000)
  region size 1024K, 37 young (37888K), 4 survivors (4096K)
 Metaspace       used 132605K, capacity 136616K, committed 136832K, reserved 1169408K
  class space    used 16325K, capacity 17678K, committed 17792K, reserved 1048576K
}
Event: 1635.992 GC heap after
{Heap after GC invocations=125 (full 0):
 garbage-first heap   total 273408K, used 189773K [0x0000000080000000, 0x0000000100000000)
  region size 1024K, 5 young (5120K), 5 survivors (5120K)
 Metaspace       used 132605K, capacity 136616K, committed 136832K, reserved 1169408K
  class space    used 16325K, capacity 17678K, committed 17792K, reserved 1048576K
}
Event: 1636.060 GC heap before
{Heap before GC invocations=125 (full 0):
 garbage-first heap   total 273408K, used 214349K [0x0000000080000000, 0x0000000100000000)
  region size 1024K, 29 young (29696K), 5 survivors (5120K)
 Metaspace       used 132615K, capacity 136616K, committed 136832K, reserved 1169408K
  class space    used 16325K, capacity 17678K, committed 17792K, reserved 1048576K
}
Event: 1636.082 GC heap after
{Heap after GC invocations=126 (full 0):
 garbage-first heap   total 273408K, used 204288K [0x0000000080000000, 0x0000000100000000)
  region size 1024K, 4 young (4096K), 4 survivors (4096K)
 Metaspace       used 132615K, capacity 136616K, committed 136832K, reserved 1169408K
  class space    used 16325K, capacity 17678K, committed 17792K, reserved 1048576K
}
Event: 1636.446 GC heap before
{Heap before GC invocations=126 (full 0):
 garbage-first heap   total 273408K, used 221696K [0x0000000080000000, 0x0000000100000000)
  region size 1024K, 22 young (22528K), 4 survivors (4096K)
 Metaspace       used 132658K, capacity 136683K, committed 136832K, reserved 1169408K
  class space    used 16326K, capacity 17678K, committed 17792K, reserved 1048576K
}
Event: 1636.465 GC heap after
{Heap after GC invocations=127 (full 0):
 garbage-first heap   total 273408K, used 214016K [0x0000000080000000, 0x0000000100000000)
  region size 1024K, 3 young (3072K), 3 survivors (3072K)
 Metaspace       used 132658K, capacity 136683K, committed 136832K, reserved 1169408K
  class space    used 16326K, capacity 17678K, committed 17792K, reserved 1048576K
}
Event: 1636.585 GC heap before
{Heap before GC invocations=128 (full 0):
 garbage-first heap   total 273408K, used 227328K [0x0000000080000000, 0x0000000100000000)
  region size 1024K, 17 young (17408K), 3 survivors (3072K)
 Metaspace       used 132675K, capacity 136685K, committed 136832K, reserved 1169408K
  class space    used 16326K, capacity 17678K, committed 17792K, reserved 1048576K
}

